<?xml version="1.0" encoding="UTF-8"?>
<testng-results ignored="0" total="3" passed="3" failed="0" skipped="0">
  <reporter-output>
  </reporter-output>
  <suite started-at="2021-03-27T11:38:48 IST" name="BDDBase" finished-at="2021-03-27T11:40:23 IST" duration-ms="94634">
    <groups>
    </groups>
    <test started-at="2021-03-27T11:38:48 IST" name="UIAutomation" finished-at="2021-03-27T11:40:23 IST" duration-ms="94634">
      <class name="TestRunner.TestRunner">
        <test-method is-config="true" signature="setUp()[pri:0, instance:TestRunner.TestRunner@1dde4cb2]" started-at="2021-03-27T11:38:49 IST" name="setUp" finished-at="2021-03-27T11:38:49 IST" duration-ms="375" status="PASS">
          <reporter-output>
          </reporter-output>
        </test-method> <!-- setUp -->
        <test-method signature="feature(cucumber.api.testng.PickleEventWrapper,cucumber.api.testng.CucumberFeatureWrapper)[pri:0, instance:TestRunner.TestRunner@1dde4cb2]" started-at="2021-03-27T11:38:49 IST" name="feature" data-provider="feature" finished-at="2021-03-27T11:39:25 IST" duration-ms="35448" status="PASS">
          <params>
            <param index="0">
              <value>
                <![CDATA["TC1_Calculate age"]]>
              </value>
            </param>
            <param index="1">
              <value>
                <![CDATA["Caluclate Age"]]>
              </value>
            </param>
          </params>
          <reporter-output>
          </reporter-output>
        </test-method> <!-- feature -->
        <test-method signature="feature(cucumber.api.testng.PickleEventWrapper,cucumber.api.testng.CucumberFeatureWrapper)[pri:0, instance:TestRunner.TestRunner@1dde4cb2]" started-at="2021-03-27T11:39:25 IST" name="feature" data-provider="feature" finished-at="2021-03-27T11:39:55 IST" duration-ms="30256" status="PASS">
          <params>
            <param index="0">
              <value>
                <![CDATA["TC2_Add years from start date"]]>
              </value>
            </param>
            <param index="1">
              <value>
                <![CDATA["Add years"]]>
              </value>
            </param>
          </params>
          <reporter-output>
          </reporter-output>
        </test-method> <!-- feature -->
        <test-method signature="feature(cucumber.api.testng.PickleEventWrapper,cucumber.api.testng.CucumberFeatureWrapper)[pri:0, instance:TestRunner.TestRunner@1dde4cb2]" started-at="2021-03-27T11:39:55 IST" name="feature" data-provider="feature" finished-at="2021-03-27T11:40:23 IST" duration-ms="27916" status="PASS">
          <params>
            <param index="0">
              <value>
                <![CDATA["TC2_Add years from start date"]]>
              </value>
            </param>
            <param index="1">
              <value>
                <![CDATA["Add years"]]>
              </value>
            </param>
          </params>
          <reporter-output>
          </reporter-output>
        </test-method> <!-- feature -->
        <test-method is-config="true" signature="tearDown()[pri:0, instance:TestRunner.TestRunner@1dde4cb2]" started-at="2021-03-27T11:40:23 IST" name="tearDown" finished-at="2021-03-27T11:40:23 IST" duration-ms="9" status="PASS">
          <reporter-output>
          </reporter-output>
        </test-method> <!-- tearDown -->
      </class> <!-- TestRunner.TestRunner -->
    </test> <!-- UIAutomation -->
  </suite> <!-- BDDBase -->
</testng-results>
