<?xml version="1.0" encoding="UTF-8"?>
<!-- Generated by org.testng.reporters.JUnitXMLReporter -->
<testsuite ignored="0" hostname="Lenovo" failures="0" tests="3" name="UIAutomation" time="94.634" errors="0" timestamp="2021-03-27T11:40:23 IST">
  <testcase classname="TestRunner.TestRunner" name="feature" time="35.448"/>
  <testcase classname="TestRunner.TestRunner" name="feature" time="30.256"/>
  <testcase classname="TestRunner.TestRunner" name="feature" time="27.916"/>
</testsuite> <!-- UIAutomation -->
